{"C:\\Users\\devee\\WeatherApp\\weather-app\\src\\App.css": {"path":"C:\\Users\\devee\\WeatherApp\\weather-app\\src\\App.css","statementMap":{},"fnMap":{},"branchMap":{},"s":{},"f":{},"b":{},"meta":{"lastBranch":0,"lastFunction":0,"lastStatement":0,"seen":{},"fnNames":{}}}
,"C:\\Users\\devee\\WeatherApp\\weather-app\\src\\App.tsx": {"path":"C:\\Users\\devee\\WeatherApp\\weather-app\\src\\App.tsx","statementMap":{"0":{"start":{"line":12,"column":15},"end":{"line":12,"column":null}},"1":{"start":{"line":14,"column":36},"end":{"line":14,"column":null}},"2":{"start":{"line":18,"column":11},"end":{"line":19,"column":null}},"3":{"start":{"line":21,"column":2},"end":{"line":21,"column":null}},"4":{"start":{"line":22,"column":2},"end":{"line":50,"column":null}}},"fnMap":{"0":{"name":"App","decl":{"start":{"line":11,"column":9},"end":{"line":11,"column":15}},"loc":{"start":{"line":11,"column":15},"end":{"line":52,"column":null}},"line":11}},"branchMap":{"0":{"loc":{"start":{"line":38,"column":14},"end":{"line":38,"column":null}},"type":"binary-expr","locations":[{"start":{"line":38,"column":14},"end":{"line":38,"column":27}},{"start":{"line":38,"column":27},"end":{"line":38,"column":47}},{"start":{"line":38,"column":47},"end":{"line":38,"column":null}}],"line":38},"1":{"loc":{"start":{"line":39,"column":14},"end":{"line":42,"column":null}},"type":"binary-expr","locations":[{"start":{"line":39,"column":14},"end":{"line":39,"column":23}},{"start":{"line":39,"column":23},"end":{"line":39,"column":null}},{"start":{"line":40,"column":14},"end":{"line":42,"column":null}}],"line":39},"2":{"loc":{"start":{"line":41,"column":27},"end":{"line":41,"column":49}},"type":"binary-expr","locations":[{"start":{"line":41,"column":27},"end":{"line":41,"column":36}},{"start":{"line":41,"column":36},"end":{"line":41,"column":49}}],"line":41},"3":{"loc":{"start":{"line":45,"column":13},"end":{"line":45,"column":null}},"type":"binary-expr","locations":[{"start":{"line":45,"column":13},"end":{"line":45,"column":24}},{"start":{"line":45,"column":24},"end":{"line":45,"column":null}}],"line":45},"4":{"loc":{"start":{"line":46,"column":13},"end":{"line":46,"column":null}},"type":"binary-expr","locations":[{"start":{"line":46,"column":13},"end":{"line":46,"column":25}},{"start":{"line":46,"column":25},"end":{"line":46,"column":null}}],"line":46}},"s":{"0":6,"1":6,"2":6,"3":6,"4":6},"f":{"0":6},"b":{"0":[6,4,2],"1":[6,5,1],"2":[1,0],"3":[6,1],"4":[6,1]},"meta":{"lastBranch":5,"lastFunction":1,"lastStatement":5,"seen":{"f:11:9:11:15":0,"s:12:15:12:Infinity":0,"s:14:36:14:Infinity":1,"s:18:11:19:Infinity":2,"s:21:2:21:Infinity":3,"s:22:2:50:Infinity":4,"b:38:14:38:27:38:27:38:47:38:47:38:Infinity":0,"b:39:14:39:23:39:23:39:Infinity:40:14:42:Infinity":1,"b:41:27:41:36:41:36:41:49":2,"b:45:13:45:24:45:24:45:Infinity":3,"b:46:13:46:25:46:25:46:Infinity":4},"fnNames":{}}}
,"C:\\Users\\devee\\WeatherApp\\weather-app\\src\\components\\ErrorMessage\\ErrorMessage.css": {"path":"C:\\Users\\devee\\WeatherApp\\weather-app\\src\\components\\ErrorMessage\\ErrorMessage.css","statementMap":{},"fnMap":{},"branchMap":{},"s":{},"f":{},"b":{},"meta":{"lastBranch":0,"lastFunction":0,"lastStatement":0,"seen":{},"fnNames":{}}}
,"C:\\Users\\devee\\WeatherApp\\weather-app\\src\\components\\ErrorMessage\\ErrorMessage.tsx": {"path":"C:\\Users\\devee\\WeatherApp\\weather-app\\src\\components\\ErrorMessage\\ErrorMessage.tsx","statementMap":{"0":{"start":{"line":8,"column":2},"end":{"line":8,"column":null}}},"fnMap":{"0":{"name":"ErrorMessage","decl":{"start":{"line":7,"column":24},"end":{"line":7,"column":37}},"loc":{"start":{"line":7,"column":57},"end":{"line":9,"column":null}},"line":7}},"branchMap":{},"s":{"0":1},"f":{"0":1},"b":{},"meta":{"lastBranch":0,"lastFunction":1,"lastStatement":1,"seen":{"f:7:24:7:37":0,"s:8:2:8:Infinity":0},"fnNames":{}}}
,"C:\\Users\\devee\\WeatherApp\\weather-app\\src\\components\\Forecast\\Forecast.css": {"path":"C:\\Users\\devee\\WeatherApp\\weather-app\\src\\components\\Forecast\\Forecast.css","statementMap":{},"fnMap":{},"branchMap":{},"s":{},"f":{},"b":{},"meta":{"lastBranch":0,"lastFunction":0,"lastStatement":0,"seen":{},"fnNames":{}}}
,"C:\\Users\\devee\\WeatherApp\\weather-app\\src\\components\\Forecast\\Forecast.tsx": {"path":"C:\\Users\\devee\\WeatherApp\\weather-app\\src\\components\\Forecast\\Forecast.tsx","statementMap":{"0":{"start":{"line":10,"column":22},"end":{"line":10,"column":null}},"1":{"start":{"line":11,"column":21},"end":{"line":11,"column":null}},"2":{"start":{"line":13,"column":2},"end":{"line":68,"column":null}},"3":{"start":{"line":19,"column":10},"end":{"line":31,"column":null}},"4":{"start":{"line":24,"column":27},"end":{"line":24,"column":null}},"5":{"start":{"line":37,"column":10},"end":{"line":65,"column":null}}},"fnMap":{"0":{"name":"Forecast","decl":{"start":{"line":9,"column":24},"end":{"line":9,"column":33}},"loc":{"start":{"line":9,"column":62},"end":{"line":70,"column":null}},"line":9},"1":{"name":"(anonymous_1)","decl":{"start":{"line":18,"column":23},"end":{"line":18,"column":28}},"loc":{"start":{"line":19,"column":10},"end":{"line":31,"column":null}},"line":19},"2":{"name":"(anonymous_2)","decl":{"start":{"line":24,"column":12},"end":{"line":24,"column":27}},"loc":{"start":{"line":24,"column":27},"end":{"line":24,"column":null}},"line":24},"3":{"name":"(anonymous_3)","decl":{"start":{"line":36,"column":28},"end":{"line":36,"column":33}},"loc":{"start":{"line":37,"column":10},"end":{"line":65,"column":null}},"line":37}},"branchMap":{"0":{"loc":{"start":{"line":21,"column":14},"end":{"line":21,"column":null}},"type":"cond-expr","locations":[{"start":{"line":21,"column":38},"end":{"line":21,"column":62}},{"start":{"line":21,"column":62},"end":{"line":21,"column":null}}],"line":21}},"s":{"0":6,"1":6,"2":6,"3":12,"4":2,"5":6},"f":{"0":6,"1":12,"2":2,"3":6},"b":{"0":[6,6]},"meta":{"lastBranch":1,"lastFunction":4,"lastStatement":6,"seen":{"f:9:24:9:33":0,"s:10:22:10:Infinity":0,"s:11:21:11:Infinity":1,"s:13:2:68:Infinity":2,"f:18:23:18:28":1,"s:19:10:31:Infinity":3,"b:21:38:21:62:21:62:21:Infinity":0,"f:24:12:24:27":2,"s:24:27:24:Infinity":4,"f:36:28:36:33":3,"s:37:10:65:Infinity":5},"fnNames":{}}}
,"C:\\Users\\devee\\WeatherApp\\weather-app\\src\\components\\SearchBar\\SearchBar.css": {"path":"C:\\Users\\devee\\WeatherApp\\weather-app\\src\\components\\SearchBar\\SearchBar.css","statementMap":{},"fnMap":{},"branchMap":{},"s":{},"f":{},"b":{},"meta":{"lastBranch":0,"lastFunction":0,"lastStatement":0,"seen":{},"fnNames":{}}}
,"C:\\Users\\devee\\WeatherApp\\weather-app\\src\\components\\SearchBar\\SearchBar.tsx": {"path":"C:\\Users\\devee\\WeatherApp\\weather-app\\src\\components\\SearchBar\\SearchBar.tsx","statementMap":{"0":{"start":{"line":10,"column":16},"end":{"line":10,"column":null}},"1":{"start":{"line":12,"column":8},"end":{"line":18,"column":null}},"2":{"start":{"line":13,"column":4},"end":{"line":13,"column":null}},"3":{"start":{"line":14,"column":4},"end":{"line":14,"column":null}},"4":{"start":{"line":14,"column":23},"end":{"line":14,"column":null}},"5":{"start":{"line":16,"column":4},"end":{"line":16,"column":null}},"6":{"start":{"line":17,"column":4},"end":{"line":17,"column":null}},"7":{"start":{"line":20,"column":2},"end":{"line":34,"column":null}},"8":{"start":{"line":30,"column":27},"end":{"line":30,"column":null}}},"fnMap":{"0":{"name":"SearchBar","decl":{"start":{"line":9,"column":24},"end":{"line":9,"column":34}},"loc":{"start":{"line":9,"column":74},"end":{"line":36,"column":null}},"line":9},"1":{"name":"(anonymous_1)","decl":{"start":{"line":12,"column":8},"end":{"line":12,"column":24}},"loc":{"start":{"line":12,"column":47},"end":{"line":18,"column":null}},"line":12},"2":{"name":"(anonymous_2)","decl":{"start":{"line":30,"column":10},"end":{"line":30,"column":21}},"loc":{"start":{"line":30,"column":27},"end":{"line":30,"column":null}},"line":30}},"branchMap":{"0":{"loc":{"start":{"line":14,"column":4},"end":{"line":14,"column":null}},"type":"if","locations":[{"start":{"line":14,"column":4},"end":{"line":14,"column":null}},{"start":{},"end":{}}],"line":14},"1":{"loc":{"start":{"line":23,"column":33},"end":{"line":23,"column":null}},"type":"cond-expr","locations":[{"start":{"line":23,"column":44},"end":{"line":23,"column":54}},{"start":{"line":23,"column":54},"end":{"line":23,"column":null}}],"line":23}},"s":{"0":12,"1":12,"2":4,"3":4,"4":1,"5":3,"6":3,"7":12,"8":3},"f":{"0":12,"1":4,"2":3},"b":{"0":[1,3],"1":[1,11]},"meta":{"lastBranch":2,"lastFunction":3,"lastStatement":9,"seen":{"f:9:24:9:34":0,"s:10:16:10:Infinity":0,"s:12:8:18:Infinity":1,"f:12:8:12:24":1,"s:13:4:13:Infinity":2,"b:14:4:14:Infinity:undefined:undefined:undefined:undefined":0,"s:14:4:14:Infinity":3,"s:14:23:14:Infinity":4,"s:16:4:16:Infinity":5,"s:17:4:17:Infinity":6,"s:20:2:34:Infinity":7,"b:23:44:23:54:23:54:23:Infinity":1,"f:30:10:30:21":2,"s:30:27:30:Infinity":8},"fnNames":{}}}
,"C:\\Users\\devee\\WeatherApp\\weather-app\\src\\components\\Spinner\\Spinner.css": {"path":"C:\\Users\\devee\\WeatherApp\\weather-app\\src\\components\\Spinner\\Spinner.css","statementMap":{},"fnMap":{},"branchMap":{},"s":{},"f":{},"b":{},"meta":{"lastBranch":0,"lastFunction":0,"lastStatement":0,"seen":{},"fnNames":{}}}
,"C:\\Users\\devee\\WeatherApp\\weather-app\\src\\components\\Spinner\\Spinner.tsx": {"path":"C:\\Users\\devee\\WeatherApp\\weather-app\\src\\components\\Spinner\\Spinner.tsx","statementMap":{"0":{"start":{"line":4,"column":2},"end":{"line":4,"column":null}}},"fnMap":{"0":{"name":"Spinner","decl":{"start":{"line":3,"column":24},"end":{"line":3,"column":34}},"loc":{"start":{"line":3,"column":34},"end":{"line":5,"column":null}},"line":3}},"branchMap":{},"s":{"0":2},"f":{"0":2},"b":{},"meta":{"lastBranch":0,"lastFunction":1,"lastStatement":1,"seen":{"f:3:24:3:34":0,"s:4:2:4:Infinity":0},"fnNames":{}}}
,"C:\\Users\\devee\\WeatherApp\\weather-app\\src\\components\\WeatherCard\\WeatherCard.css": {"path":"C:\\Users\\devee\\WeatherApp\\weather-app\\src\\components\\WeatherCard\\WeatherCard.css","statementMap":{},"fnMap":{},"branchMap":{},"s":{},"f":{},"b":{},"meta":{"lastBranch":0,"lastFunction":0,"lastStatement":0,"seen":{},"fnNames":{}}}
,"C:\\Users\\devee\\WeatherApp\\weather-app\\src\\components\\WeatherCard\\WeatherCard.tsx": {"path":"C:\\Users\\devee\\WeatherApp\\weather-app\\src\\components\\WeatherCard\\WeatherCard.tsx","statementMap":{"0":{"start":{"line":9,"column":22},"end":{"line":10,"column":null}},"1":{"start":{"line":12,"column":2},"end":{"line":51,"column":null}}},"fnMap":{"0":{"name":"WeatherCard","decl":{"start":{"line":8,"column":24},"end":{"line":8,"column":36}},"loc":{"start":{"line":8,"column":67},"end":{"line":53,"column":null}},"line":8}},"branchMap":{},"s":{"0":1,"1":1},"f":{"0":1},"b":{},"meta":{"lastBranch":0,"lastFunction":1,"lastStatement":2,"seen":{"f:8:24:8:36":0,"s:9:22:10:Infinity":0,"s:12:2:51:Infinity":1},"fnNames":{}}}
,"C:\\Users\\devee\\WeatherApp\\weather-app\\src\\hooks\\useForecast.ts": {"path":"C:\\Users\\devee\\WeatherApp\\weather-app\\src\\hooks\\useForecast.ts","statementMap":{"0":{"start":{"line":5,"column":2},"end":{"line":10,"column":null}},"1":{"start":{"line":7,"column":4},"end":{"line":7,"column":null}}},"fnMap":{"0":{"name":"useForecast","decl":{"start":{"line":4,"column":16},"end":{"line":4,"column":28}},"loc":{"start":{"line":4,"column":42},"end":{"line":11,"column":null}},"line":4},"1":{"name":"(anonymous_1)","decl":{"start":{"line":7,"column":4},"end":{"line":7,"column":19}},"loc":{"start":{"line":7,"column":4},"end":{"line":7,"column":null}},"line":7}},"branchMap":{},"s":{"0":6,"1":2},"f":{"0":6,"1":2},"b":{},"meta":{"lastBranch":0,"lastFunction":2,"lastStatement":2,"seen":{"f:4:16:4:28":0,"s:5:2:10:Infinity":0,"f:7:4:7:19":1,"s:7:4:7:Infinity":1},"fnNames":{}}}
,"C:\\Users\\devee\\WeatherApp\\weather-app\\src\\hooks\\useWeather.ts": {"path":"C:\\Users\\devee\\WeatherApp\\weather-app\\src\\hooks\\useWeather.ts","statementMap":{"0":{"start":{"line":5,"column":2},"end":{"line":10,"column":null}},"1":{"start":{"line":7,"column":4},"end":{"line":7,"column":null}}},"fnMap":{"0":{"name":"useWeather","decl":{"start":{"line":4,"column":16},"end":{"line":4,"column":27}},"loc":{"start":{"line":4,"column":41},"end":{"line":11,"column":null}},"line":4},"1":{"name":"(anonymous_1)","decl":{"start":{"line":7,"column":4},"end":{"line":7,"column":19}},"loc":{"start":{"line":7,"column":4},"end":{"line":7,"column":null}},"line":7}},"branchMap":{},"s":{"0":6,"1":2},"f":{"0":6,"1":2},"b":{},"meta":{"lastBranch":0,"lastFunction":2,"lastStatement":2,"seen":{"f:4:16:4:27":0,"s:5:2:10:Infinity":0,"f:7:4:7:19":1,"s:7:4:7:Infinity":1},"fnNames":{}}}
,"C:\\Users\\devee\\WeatherApp\\weather-app\\src\\services\\openWeatherService.ts": {"path":"C:\\Users\\devee\\WeatherApp\\weather-app\\src\\services\\openWeatherService.ts","statementMap":{"0":{"start":{"line":5,"column":16},"end":{"line":5,"column":null}},"1":{"start":{"line":6,"column":0},"end":{"line":6,"column":null}},"2":{"start":{"line":9,"column":19},"end":{"line":11,"column":null}},"3":{"start":{"line":13,"column":2},"end":{"line":18,"column":null}},"4":{"start":{"line":14,"column":4},"end":{"line":16,"column":null}},"5":{"start":{"line":15,"column":6},"end":{"line":15,"column":null}},"6":{"start":{"line":17,"column":4},"end":{"line":17,"column":null}},"7":{"start":{"line":20,"column":15},"end":{"line":20,"column":null}},"8":{"start":{"line":22,"column":2},"end":{"line":29,"column":null}},"9":{"start":{"line":33,"column":19},"end":{"line":35,"column":null}},"10":{"start":{"line":37,"column":2},"end":{"line":42,"column":null}},"11":{"start":{"line":38,"column":4},"end":{"line":40,"column":null}},"12":{"start":{"line":39,"column":6},"end":{"line":39,"column":null}},"13":{"start":{"line":41,"column":4},"end":{"line":41,"column":null}},"14":{"start":{"line":43,"column":15},"end":{"line":43,"column":null}},"15":{"start":{"line":45,"column":35},"end":{"line":53,"column":null}},"16":{"start":{"line":45,"column":65},"end":{"line":53,"column":4}},"17":{"start":{"line":55,"column":8},"end":{"line":55,"column":null}},"18":{"start":{"line":57,"column":2},"end":{"line":60,"column":null}}},"fnMap":{"0":{"name":"getCurrentWeather","decl":{"start":{"line":8,"column":22},"end":{"line":8,"column":40}},"loc":{"start":{"line":8,"column":72},"end":{"line":30,"column":null}},"line":8},"1":{"name":"getWeatherForecast","decl":{"start":{"line":32,"column":22},"end":{"line":32,"column":41}},"loc":{"start":{"line":32,"column":74},"end":{"line":61,"column":null}},"line":32},"2":{"name":"(anonymous_2)","decl":{"start":{"line":45,"column":45},"end":{"line":45,"column":50}},"loc":{"start":{"line":45,"column":65},"end":{"line":53,"column":4}},"line":45}},"branchMap":{"0":{"loc":{"start":{"line":13,"column":2},"end":{"line":18,"column":null}},"type":"if","locations":[{"start":{"line":13,"column":2},"end":{"line":18,"column":null}},{"start":{},"end":{}}],"line":13},"1":{"loc":{"start":{"line":14,"column":4},"end":{"line":16,"column":null}},"type":"if","locations":[{"start":{"line":14,"column":4},"end":{"line":16,"column":null}},{"start":{},"end":{}}],"line":14},"2":{"loc":{"start":{"line":37,"column":2},"end":{"line":42,"column":null}},"type":"if","locations":[{"start":{"line":37,"column":2},"end":{"line":42,"column":null}},{"start":{},"end":{}}],"line":37},"3":{"loc":{"start":{"line":38,"column":4},"end":{"line":40,"column":null}},"type":"if","locations":[{"start":{"line":38,"column":4},"end":{"line":40,"column":null}},{"start":{},"end":{}}],"line":38}},"s":{"0":2,"1":2,"2":3,"3":3,"4":2,"5":1,"6":1,"7":1,"8":1,"9":0,"10":0,"11":0,"12":0,"13":0,"14":0,"15":0,"16":0,"17":0,"18":0},"f":{"0":3,"1":0,"2":0},"b":{"0":[2,1],"1":[1,1],"2":[0,0],"3":[0,0]},"meta":{"lastBranch":4,"lastFunction":3,"lastStatement":19,"seen":{"s:5:16:5:Infinity":0,"s:6:0:6:Infinity":1,"f:8:22:8:40":0,"s:9:19:11:Infinity":2,"b:13:2:18:Infinity:undefined:undefined:undefined:undefined":0,"s:13:2:18:Infinity":3,"b:14:4:16:Infinity:undefined:undefined:undefined:undefined":1,"s:14:4:16:Infinity":4,"s:15:6:15:Infinity":5,"s:17:4:17:Infinity":6,"s:20:15:20:Infinity":7,"s:22:2:29:Infinity":8,"f:32:22:32:41":1,"s:33:19:35:Infinity":9,"b:37:2:42:Infinity:undefined:undefined:undefined:undefined":2,"s:37:2:42:Infinity":10,"b:38:4:40:Infinity:undefined:undefined:undefined:undefined":3,"s:38:4:40:Infinity":11,"s:39:6:39:Infinity":12,"s:41:4:41:Infinity":13,"s:43:15:43:Infinity":14,"s:45:35:53:Infinity":15,"f:45:45:45:50":2,"s:45:65:53:4":16,"s:55:8:55:Infinity":17,"s:57:2:60:Infinity":18},"fnNames":{}}}
,"C:\\Users\\devee\\WeatherApp\\weather-app\\src\\test\\render.tsx": {"path":"C:\\Users\\devee\\WeatherApp\\weather-app\\src\\test\\render.tsx","statementMap":{"0":{"start":{"line":6,"column":22},"end":{"line":12,"column":null}},"1":{"start":{"line":14,"column":2},"end":{"line":16,"column":null}}},"fnMap":{"0":{"name":"renderWithProviders","decl":{"start":{"line":5,"column":16},"end":{"line":5,"column":36}},"loc":{"start":{"line":5,"column":54},"end":{"line":17,"column":null}},"line":5}},"branchMap":{},"s":{"0":2,"1":2},"f":{"0":2},"b":{},"meta":{"lastBranch":0,"lastFunction":1,"lastStatement":2,"seen":{"f:5:16:5:36":0,"s:6:22:12:Infinity":0,"s:14:2:16:Infinity":1},"fnNames":{}}}
,"C:\\Users\\devee\\WeatherApp\\weather-app\\src\\utils\\groupForecastByDay.ts": {"path":"C:\\Users\\devee\\WeatherApp\\weather-app\\src\\utils\\groupForecastByDay.ts","statementMap":{"0":{"start":{"line":4,"column":51},"end":{"line":4,"column":null}},"1":{"start":{"line":6,"column":2},"end":{"line":12,"column":null}},"2":{"start":{"line":7,"column":17},"end":{"line":7,"column":null}},"3":{"start":{"line":8,"column":4},"end":{"line":10,"column":null}},"4":{"start":{"line":9,"column":6},"end":{"line":9,"column":null}},"5":{"start":{"line":11,"column":4},"end":{"line":11,"column":null}},"6":{"start":{"line":14,"column":2},"end":{"line":17,"column":null}},"7":{"start":{"line":14,"column":59},"end":{"line":17,"column":4}}},"fnMap":{"0":{"name":"groupForecastByDay","decl":{"start":{"line":3,"column":16},"end":{"line":3,"column":35}},"loc":{"start":{"line":3,"column":76},"end":{"line":18,"column":null}},"line":3},"1":{"name":"(anonymous_1)","decl":{"start":{"line":6,"column":10},"end":{"line":6,"column":19}},"loc":{"start":{"line":6,"column":29},"end":{"line":12,"column":3}},"line":6},"2":{"name":"(anonymous_2)","decl":{"start":{"line":14,"column":33},"end":{"line":14,"column":38}},"loc":{"start":{"line":14,"column":59},"end":{"line":17,"column":4}},"line":14}},"branchMap":{"0":{"loc":{"start":{"line":8,"column":4},"end":{"line":10,"column":null}},"type":"if","locations":[{"start":{"line":8,"column":4},"end":{"line":10,"column":null}},{"start":{},"end":{}}],"line":8}},"s":{"0":1,"1":1,"2":3,"3":3,"4":2,"5":3,"6":1,"7":2},"f":{"0":1,"1":3,"2":2},"b":{"0":[2,1]},"meta":{"lastBranch":1,"lastFunction":3,"lastStatement":8,"seen":{"f:3:16:3:35":0,"s:4:51:4:Infinity":0,"s:6:2:12:Infinity":1,"f:6:10:6:19":1,"s:7:17:7:Infinity":2,"b:8:4:10:Infinity:undefined:undefined:undefined:undefined":0,"s:8:4:10:Infinity":3,"s:9:6:9:Infinity":4,"s:11:4:11:Infinity":5,"s:14:2:17:Infinity":6,"f:14:33:14:38":2,"s:14:59:17:4":7},"fnNames":{}}}
}
